#
# A fatal error has been detected by the Java Runtime Environment:
#
#  Internal Error (safepoint.cpp:712), pid=8824, tid=0x000000000000716b
#  fatal error: Illegal threadstate encountered: 4
#
# JRE version: Java(TM) SE Runtime Environment (8.0_241-b07) (build 1.8.0_241-b07)
# Java VM: Java HotSpot(TM) 64-Bit Server VM (25.241-b07 mixed mode bsd-amd64 compressed oops)
# Failed to write core dump. Core dumps have been disabled. To enable core dumping, try "ulimit -c unlimited" before starting Java again
#
# If you would like to submit a bug report, please visit:
#   http://bugreport.java.com/bugreport/crash.jsp
# The crash happened outside the Java Virtual Machine in native code.
# See problematic frame for where to report the bug.
#

---------------  T H R E A D  ---------------

Current thread (0x00007fd96f8d5800):  JavaThread "Thread-1" daemon [_thread_in_native, id=29035, stack(0x000000030b58a000,0x000000030b68a000)]

Stack: [0x000000030b58a000,0x000000030b68a000],  sp=0x000000030b688cb0,  free space=1019k
Native frames: (J=compiled Java code, j=interpreted, Vv=VM code, C=native code)
V  [libjvm.dylib+0x5bc994]
V  [libjvm.dylib+0x1ea9f9]
V  [libjvm.dylib+0x4e8072]
V  [libjvm.dylib+0x575a72]
V  [libjvm.dylib+0x16b806]
V  [libjvm.dylib+0x318381]
C  [libglass.dylib+0x5155]  -[GlassRunnable dealloc]+0x35
C  [libobjc.A.dylib+0x291ee]  _ZN11objc_object17sidetable_releaseEbb+0xe8
C  [Foundation+0x8210b]  -[_NSThreadPerformInfo dealloc]+0x2a
C  [libobjc.A.dylib+0x291ee]  _ZN11objc_object17sidetable_releaseEbb+0xe8
C  [Foundation+0x4edc7]  -[NSObject(NSThreadPerformAdditions) performSelectorOnMainThread:withObject:waitUntilDone:]+0x7c
J 1524  com.sun.glass.ui.mac.MacApplication._submitForLaterInvocation(Ljava/lang/Runnable;)V (0 bytes) @ 0x000000010e759e3c [0x000000010e759d80+0xbc]
J 1672 C1 com.sun.glass.ui.mac.MacApplication.submitForLaterInvocation(Ljava/lang/Runnable;)V (6 bytes) @ 0x000000010e7a8b7c [0x000000010e7a8b00+0x7c]
j  com.sun.glass.ui.InvokeLaterDispatcher.run()V+82
v  ~StubRoutines::call_stub
V  [libjvm.dylib+0x2f1b06]
V  [libjvm.dylib+0x2f22aa]
V  [libjvm.dylib+0x2f2456]
V  [libjvm.dylib+0x34cd45]
V  [libjvm.dylib+0x576b93]
V  [libjvm.dylib+0x57828e]
V  [libjvm.dylib+0x490b86]
C  [libsystem_pthread.dylib+0x6514]  _pthread_start+0x7d
C  [libsystem_pthread.dylib+0x202f]  thread_start+0xf
C  0x0000000000000000

Java frames: (J=compiled Java code, j=interpreted, Vv=VM code)
J 1524  com.sun.glass.ui.mac.MacApplication._submitForLaterInvocation(Ljava/lang/Runnable;)V (0 bytes) @ 0x000000010e759dcc [0x000000010e759d80+0x4c]
J 1672 C1 com.sun.glass.ui.mac.MacApplication.submitForLaterInvocation(Ljava/lang/Runnable;)V (6 bytes) @ 0x000000010e7a8b7c [0x000000010e7a8b00+0x7c]
j  com.sun.glass.ui.InvokeLaterDispatcher.run()V+82
v  ~StubRoutines::call_stub

---------------  P R O C E S S  ---------------

Java Threads: ( => current thread )
  0x00007fd96d8e4000 JavaThread "Prism Font Disposer" daemon [_thread_blocked, id=72299, stack(0x000000030bbb9000,0x000000030bcb9000)]
  0x00007fd95e106000 JavaThread "PulseTimer-CVDisplayLink thread" daemon [_thread_in_native, id=57143, stack(0x000000030b79b000,0x000000030b81b000)]
  0x00007fd9700c7000 JavaThread "Attach Listener" daemon [_thread_blocked, id=56587, stack(0x000000030bab6000,0x000000030bbb6000)]
  0x00007fd96f212800 JavaThread "JavaFX-Launcher" [_thread_blocked, id=55207, stack(0x000000030b9b3000,0x000000030bab3000)]
  0x00007fd96d8b4000 JavaThread "JavaFX Application Thread" [_thread_in_native, id=259, stack(0x00000003096b6000,0x0000000309eb6000)]
=>0x00007fd96f8d5800 JavaThread "Thread-1" daemon [_thread_in_native, id=29035, stack(0x000000030b58a000,0x000000030b68a000)]
  0x00007fd96f06b000 JavaThread "QuantumRenderer-0" daemon [_thread_blocked, id=39963, stack(0x000000030b487000,0x000000030b587000)]
  0x00007fd96f830000 JavaThread "Service Thread" daemon [_thread_blocked, id=22815, stack(0x000000030b281000,0x000000030b381000)]
  0x00007fd970035800 JavaThread "C1 CompilerThread3" daemon [_thread_blocked, id=41987, stack(0x000000030b17e000,0x000000030b27e000)]
  0x00007fd96d84d800 JavaThread "C2 CompilerThread2" daemon [_thread_blocked, id=42499, stack(0x000000030b07b000,0x000000030b17b000)]
  0x00007fd96d84c800 JavaThread "C2 CompilerThread1" daemon [_thread_blocked, id=43011, stack(0x000000030af78000,0x000000030b078000)]
  0x00007fd96d83c000 JavaThread "C2 CompilerThread0" daemon [_thread_blocked, id=43267, stack(0x000000030ae75000,0x000000030af75000)]
  0x00007fd95e045000 JavaThread "Monitor Ctrl-Break" daemon [_thread_in_native, id=16199, stack(0x000000030ad72000,0x000000030ae72000)]
  0x00007fd96f831800 JavaThread "Signal Dispatcher" daemon [_thread_blocked, id=16643, stack(0x000000030ac6f000,0x000000030ad6f000)]
  0x00007fd96f015000 JavaThread "Finalizer" daemon [_thread_blocked, id=14111, stack(0x000000030aa5b000,0x000000030ab5b000)]
  0x00007fd96f82a000 JavaThread "Reference Handler" daemon [_thread_blocked, id=13859, stack(0x000000030a958000,0x000000030aa58000)]
  0x00007fd96f009800 JavaThread "main" [_thread_blocked, id=9475, stack(0x0000000309f3a000,0x000000030a03a000)]

Other Threads:
  0x00007fd96e832800 VMThread [stack: 0x000000030a855000,0x000000030a955000] [id=19203]
  0x00007fd95e046000 WatcherThread [stack: 0x000000030b384000,0x000000030b484000] [id=40715]

VM state:not at safepoint (normal execution)

VM Mutex/Monitor currently owned by a thread: None

heap address: 0x00000006c0000000, size: 4096 MB, Compressed Oops mode: Zero based, Oop shift amount: 3
Narrow klass base: 0x0000000000000000, Narrow klass shift: 3
Compressed class space size: 1073741824 Address: 0x00000007c0000000

Heap:
 PSYoungGen      total 76288K, used 56982K [0x000000076ab00000, 0x0000000770000000, 0x00000007c0000000)
  eden space 65536K, 86% used [0x000000076ab00000,0x000000076e2a5b18,0x000000076eb00000)
  from space 10752K, 0% used [0x000000076f580000,0x000000076f580000,0x0000000770000000)
  to   space 10752K, 0% used [0x000000076eb00000,0x000000076eb00000,0x000000076f580000)
 ParOldGen       total 175104K, used 0K [0x00000006c0000000, 0x00000006cab00000, 0x000000076ab00000)
  object space 175104K, 0% used [0x00000006c0000000,0x00000006c0000000,0x00000006cab00000)
 Metaspace       used 16504K, capacity 17292K, committed 17536K, reserved 1064960K
  class space    used 2357K, capacity 2570K, committed 2688K, reserved 1048576K

Card table byte_map: [0x000000010b98d000,0x000000010c18e000] byte_map_base: 0x000000010838d000

Marking Bits: (ParMarkBitMap*) 0x000000010ccdff80
 Begin Bits: [0x000000011d7f9000, 0x00000001217f9000)
 End Bits:   [0x00000001217f9000, 0x00000001257f9000)

Polling page: 0x000000010b460000

CodeCache: size=245760Kb used=5432Kb max_used=5432Kb free=240327Kb
 bounds [0x000000010e2a3000, 0x000000010e803000, 0x000000011d2a3000]
 total_blobs=2410 nmethods=1762 adapters=562
 compilation: enabled

Compilation events (10 events):
Event: 5.768 Thread 0x00007fd970035800 1757       3       javafx.scene.Node::getLocalBounds (162 bytes)
Event: 5.769 Thread 0x00007fd970035800 nmethod 1757 0x000000010e7e9010 code [0x000000010e7e9340, 0x000000010e7eadf8]
Event: 5.769 Thread 0x00007fd970035800 1758       3       com.sun.javafx.sg.prism.NGGroup::markCullRegions (198 bytes)
Event: 5.770 Thread 0x00007fd970035800 nmethod 1758 0x000000010e7eb6d0 code [0x000000010e7eb980, 0x000000010e7ecc58]
Event: 5.770 Thread 0x00007fd970035800 1759       3       com.sun.javafx.sg.prism.NGGroup::computeRenderRoot (396 bytes)
Event: 5.772 Thread 0x00007fd970035800 nmethod 1759 0x000000010e7ed6d0 code [0x000000010e7edae0, 0x000000010e7f03e8]
Event: 5.772 Thread 0x00007fd970035800 1761       3       java.util.ArrayList::indexOf (67 bytes)
Event: 5.773 Thread 0x00007fd970035800 nmethod 1761 0x000000010e7f1b90 code [0x000000010e7f1d40, 0x000000010e7f2228]
Event: 5.773 Thread 0x00007fd970035800 1760       3       com.sun.javafx.tk.Toolkit::getPaintAccessor (4 bytes)
Event: 5.773 Thread 0x00007fd970035800 nmethod 1760 0x000000010e7f2450 code [0x000000010e7f25a0, 0x000000010e7f26f0]

GC Heap History (0 events):
No events

Deoptimization events (10 events):
Event: 1.274 Thread 0x00007fd96d8b4000 Uncommon trap: reason=bimorphic action=maybe_recompile pc=0x000000010e5f0bec method=java.util.Collections$UnmodifiableList.get(I)Ljava/lang/Object; @ 5
Event: 1.274 Thread 0x00007fd96d8b4000 Uncommon trap: reason=bimorphic action=maybe_recompile pc=0x000000010e5f0bec method=java.util.Collections$UnmodifiableList.get(I)Ljava/lang/Object; @ 5
Event: 1.274 Thread 0x00007fd96d8b4000 Uncommon trap: reason=bimorphic action=maybe_recompile pc=0x000000010e5f0bec method=java.util.Collections$UnmodifiableList.get(I)Ljava/lang/Object; @ 5
Event: 1.275 Thread 0x00007fd96d8b4000 Uncommon trap: reason=class_check action=maybe_recompile pc=0x000000010e482108 method=java.lang.String.equals(Ljava/lang/Object;)Z @ 8
Event: 1.354 Thread 0x00007fd96d8b4000 Uncommon trap: reason=unstable_if action=reinterpret pc=0x000000010e4e19a0 method=java.lang.CharacterData.of(I)Ljava/lang/CharacterData; @ 4
Event: 1.416 Thread 0x00007fd96d8b4000 Uncommon trap: reason=unstable_if action=reinterpret pc=0x000000010e5fe23c method=java.util.HashMap.putVal(ILjava/lang/Object;Ljava/lang/Object;ZZ)Ljava/lang/Object; @ 81
Event: 1.416 Thread 0x00007fd96d8b4000 Uncommon trap: reason=unstable_if action=reinterpret pc=0x000000010e5ffa94 method=java.util.HashMap.putVal(ILjava/lang/Object;Ljava/lang/Object;ZZ)Ljava/lang/Object; @ 81
Event: 1.615 Thread 0x00007fd96d8b4000 Uncommon trap: reason=unstable_if action=reinterpret pc=0x000000010e625858 method=sun.misc.URLClassPath$JarLoader.ensureOpen()V @ 4
Event: 1.726 Thread 0x00007fd96d8b4000 Uncommon trap: reason=unstable_if action=reinterpret pc=0x000000010e639924 method=jdk.internal.org.objectweb.asm.Type.getArgumentsAndReturnSizes(Ljava/lang/String;)I @ 47
Event: 1.742 Thread 0x00007fd96f06b000 Uncommon trap: reason=unstable_if action=reinterpret pc=0x000000010e56df38 method=sun.net.www.ParseUtil.encodePath(Ljava/lang/String;Z)Ljava/lang/String; @ 109

Classes redefined (0 events):
No events

Internal exceptions (10 events):
Event: 0.239 Thread 0x00007fd96f009800 Exception <a 'java/lang/NoSuchFieldError': method resolution failed> (0x000000076b0206a0) thrown at [/jenkins/workspace/8-2-build-macosx-x86_64/jdk8u241/331/hotspot/src/share/vm/prims/methodHandles.cpp, line 1167]
Event: 0.241 Thread 0x00007fd96f009800 Exception <a 'java/lang/NoSuchFieldError': method resolution failed> (0x000000076b02e2c0) thrown at [/jenkins/workspace/8-2-build-macosx-x86_64/jdk8u241/331/hotspot/src/share/vm/prims/methodHandles.cpp, line 1167]
Event: 0.307 Thread 0x00007fd96f009800 Exception <a 'java/security/PrivilegedActionException'> (0x000000076b0dd248) thrown at [/jenkins/workspace/8-2-build-macosx-x86_64/jdk8u241/331/hotspot/src/share/vm/prims/jvm.cpp, line 1502]
Event: 0.307 Thread 0x00007fd96f009800 Exception <a 'java/security/PrivilegedActionException'> (0x000000076b0dd458) thrown at [/jenkins/workspace/8-2-build-macosx-x86_64/jdk8u241/331/hotspot/src/share/vm/prims/jvm.cpp, line 1502]
Event: 0.307 Thread 0x00007fd96f009800 Exception <a 'java/security/PrivilegedActionException'> (0x000000076b0e0788) thrown at [/jenkins/workspace/8-2-build-macosx-x86_64/jdk8u241/331/hotspot/src/share/vm/prims/jvm.cpp, line 1502]
Event: 0.307 Thread 0x00007fd96f009800 Exception <a 'java/security/PrivilegedActionException'> (0x000000076b0e0998) thrown at [/jenkins/workspace/8-2-build-macosx-x86_64/jdk8u241/331/hotspot/src/share/vm/prims/jvm.cpp, line 1502]
Event: 0.308 Thread 0x00007fd96f009800 Exception <a 'java/lang/NullPointerException'> (0x000000076b0e13a0) thrown at [/jenkins/workspace/8-2-build-macosx-x86_64/jdk8u241/331/hotspot/src/share/vm/interpreter/linkResolver.cpp, line 1185]
Event: 0.822 Thread 0x00007fd96d8b4000 Exception <a 'java/lang/NullPointerException'> (0x000000076bf42c98) thrown at [/jenkins/workspace/8-2-build-macosx-x86_64/jdk8u241/331/hotspot/src/share/vm/interpreter/linkResolver.cpp, line 1185]
Event: 0.822 Thread 0x00007fd96d8b4000 Exception <a 'java/lang/NullPointerException'> (0x000000076bf42c98) thrown at [/jenkins/workspace/8-2-build-macosx-x86_64/jdk8u241/331/hotspot/src/share/vm/prims/jvm.cpp, line 1506]
Event: 1.615 Thread 0x00007fd96d8b4000 Implicit null exception at 0x000000010e624186 to 0x000000010e62584d

Events (10 events):
Event: 4.188 loading class com/sun/javafx/scene/traversal/ContainerTabOrder$1
Event: 4.188 loading class com/sun/javafx/scene/traversal/ContainerTabOrder$1 done
Event: 4.997 loading class com/sun/javafx/scene/control/skin/ComboBoxPopupControl$4
Event: 4.997 loading class com/sun/javafx/scene/control/skin/ComboBoxPopupControl$4 done
Event: 5.022 loading class java/util/ArrayList$ListItr
Event: 5.023 loading class java/util/ArrayList$ListItr done
Event: 5.023 Executing VM operation: Deoptimize
Event: 5.024 Executing VM operation: Deoptimize done
Event: 5.024 loading class java/util/Collections$UnmodifiableList$1
Event: 5.024 loading class java/util/Collections$UnmodifiableList$1 done


Dynamic libraries:
0x00007ff8295c0000 	/System/Library/Frameworks/Cocoa.framework/Versions/A/Cocoa
0x00007ff814e61000 	/System/Library/Frameworks/AppKit.framework/Versions/C/AppKit
0x00007ff8183b1000 	/System/Library/Frameworks/CoreData.framework/Versions/A/CoreData
0x00007ff81327c000 	/System/Library/Frameworks/Foundation.framework/Versions/C/Foundation
0x00007ff81d6a4000 	/usr/lib/libSystem.B.dylib
0x00007ff815cee000 	/System/Library/PrivateFrameworks/UIFoundation.framework/Versions/A/UIFoundation
0x00007ff823598000 	/System/Library/PrivateFrameworks/RemoteViewServices.framework/Versions/A/RemoteViewServices
0x00007ff81b897000 	/System/Library/PrivateFrameworks/XCTTargetBootstrap.framework/Versions/A/XCTTargetBootstrap
0x00007ff81f56f000 	/System/Library/PrivateFrameworks/InternationalSupport.framework/Versions/A/InternationalSupport
0x00007ff81f5f9000 	/System/Library/PrivateFrameworks/UserActivity.framework/Versions/A/UserActivity
0x00007ff81e956000 	/usr/lib/libspindump.dylib
0x00007ff815f7c000 	/System/Library/Frameworks/UniformTypeIdentifiers.framework/Versions/A/UniformTypeIdentifiers
0x00007ff819fd6000 	/usr/lib/libapp_launch_measurement.dylib
0x00007ff818d8b000 	/System/Library/PrivateFrameworks/CoreAnalytics.framework/Versions/A/CoreAnalytics
0x00007ff819fd9000 	/System/Library/PrivateFrameworks/CoreAutoLayout.framework/Versions/A/CoreAutoLayout
0x00007ff81b1f8000 	/System/Library/Frameworks/Metal.framework/Versions/A/Metal
0x00007ff81bf0f000 	/usr/lib/liblangid.dylib
0x00007ff81b89b000 	/System/Library/PrivateFrameworks/CoreSVG.framework/Versions/A/CoreSVG
0x00007ff81733e000 	/System/Library/PrivateFrameworks/SkyLight.framework/Versions/A/SkyLight
0x00007ff8176cf000 	/System/Library/Frameworks/CoreGraphics.framework/Versions/A/CoreGraphics
0x00007ff823c03000 	/System/Library/Frameworks/Accelerate.framework/Versions/A/Accelerate
0x00007ff81e3d1000 	/System/Library/PrivateFrameworks/IconServices.framework/Versions/A/IconServices
0x00007ff81b1dd000 	/System/Library/Frameworks/IOSurface.framework/Versions/A/IOSurface
0x00007ff818db9000 	/usr/lib/libDiagnosticMessagesClient.dylib
0x00007ff81d5be000 	/usr/lib/libz.1.dylib
0x00007ff827262000 	/System/Library/Frameworks/ApplicationServices.framework/Versions/A/ApplicationServices
0x00007ff81b883000 	/System/Library/PrivateFrameworks/DFRFoundation.framework/Versions/A/DFRFoundation
0x00007ff814752000 	/usr/lib/libicucore.A.dylib
0x00007ff820291000 	/System/Library/Frameworks/AudioToolbox.framework/Versions/A/AudioToolbox
0x00007ff81f57b000 	/System/Library/PrivateFrameworks/DataDetectorsCore.framework/Versions/A/DataDetectorsCore
0x00007ff91ad10000 	/System/Library/PrivateFrameworks/TextInput.framework/Versions/A/TextInput
0x00007ff8172c1000 	/usr/lib/libMobileGestalt.dylib
0x00007ff81b58b000 	/System/Library/Frameworks/Carbon.framework/Versions/A/Frameworks/HIToolbox.framework/Versions/A/HIToolbox
0x00007ff819a04000 	/System/Library/Frameworks/QuartzCore.framework/Versions/A/QuartzCore
0x00007ff8143f3000 	/System/Library/Frameworks/Security.framework/Versions/A/Security
0x00007ff8235d0000 	/System/Library/Frameworks/Carbon.framework/Versions/A/Frameworks/SpeechRecognition.framework/Versions/A/SpeechRecognition
0x00007ff819d36000 	/System/Library/PrivateFrameworks/CoreUI.framework/Versions/A/CoreUI
0x00007ff813ccd000 	/System/Library/Frameworks/CoreAudio.framework/Versions/A/CoreAudio
0x00007ff818ea7000 	/System/Library/Frameworks/DiskArbitration.framework/Versions/A/DiskArbitration
0x00007ff81ed39000 	/System/Library/PrivateFrameworks/MultitouchSupport.framework/Versions/A/MultitouchSupport
0x00007ff8172c0000 	/usr/lib/libenergytrace.dylib
0x00007ff814d4d000 	/System/Library/Frameworks/IOKit.framework/Versions/A/IOKit
0x00007ff8239ba000 	/System/Library/Frameworks/CoreServices.framework/Versions/A/CoreServices
0x00007ff819f70000 	/System/Library/PrivateFrameworks/PerformanceAnalysis.framework/Versions/A/PerformanceAnalysis
0x00007ffa2a77f000 	/System/Library/Frameworks/OpenGL.framework/Versions/A/OpenGL
0x00007ff81cbf6000 	/System/Library/PrivateFrameworks/MobileKeyBag.framework/Versions/A/MobileKeyBag
0x00007ff812314000 	/usr/lib/libobjc.A.dylib
0x00007ff817dfe000 	/System/Library/Frameworks/ColorSync.framework/Versions/A/ColorSync
0x00007ff8124d0000 	/System/Library/Frameworks/CoreFoundation.framework/Versions/A/CoreFoundation
0x00007ff81bb16000 	/System/Library/Frameworks/CoreImage.framework/Versions/A/CoreImage
0x00007ff813ae3000 	/System/Library/Frameworks/CoreText.framework/Versions/A/CoreText
0x00007ff81b8ca000 	/System/Library/Frameworks/ImageIO.framework/Versions/A/ImageIO
0x00007ff81d6aa000 	/System/Library/PrivateFrameworks/SoftLinking.framework/Versions/A/SoftLinking
0x00007ff81a021000 	/usr/lib/libxml2.2.dylib
0x00007ff8123dd000 	/usr/lib/libc++.1.dylib
0x00007ff81d92a000 	/usr/lib/libcompression.dylib
0x00007ff81f4a5000 	/System/Library/PrivateFrameworks/TextureIO.framework/Versions/A/TextureIO
0x00007ff81e04a000 	/usr/lib/libate.dylib
0x00007ff81d69f000 	/usr/lib/system/libcache.dylib
0x00007ff81d65b000 	/usr/lib/system/libcommonCrypto.dylib
0x00007ff81d684000 	/usr/lib/system/libcompiler_rt.dylib
0x00007ff81d67a000 	/usr/lib/system/libcopyfile.dylib
0x00007ff81220e000 	/usr/lib/system/libcorecrypto.dylib
0x00007ff8122cd000 	/usr/lib/system/libdispatch.dylib
0x00007ff81248f000 	/usr/lib/system/libdyld.dylib
0x00007ff81d696000 	/usr/lib/system/libkeymgr.dylib
0x00007ff81d639000 	/usr/lib/system/libmacho.dylib
0x00007ff81ccca000 	/usr/lib/system/libquarantine.dylib
0x00007ff81d694000 	/usr/lib/system/libremovefile.dylib
0x00007ff81730d000 	/usr/lib/system/libsystem_asl.dylib
0x00007ff8121bc000 	/usr/lib/system/libsystem_blocks.dylib
0x00007ff812354000 	/usr/lib/system/libsystem_c.dylib
0x00007ff81d68c000 	/usr/lib/system/libsystem_collections.dylib
0x00007ff81bf00000 	/usr/lib/system/libsystem_configuration.dylib
0x00007ff81b1c0000 	/usr/lib/system/libsystem_containermanager.dylib
0x00007ff81d372000 	/usr/lib/system/libsystem_coreservices.dylib
0x00007ff8149db000 	/usr/lib/system/libsystem_darwin.dylib
0x00007ff81d697000 	/usr/lib/system/libsystem_dnssd.dylib
0x00007ff812351000 	/usr/lib/system/libsystem_featureflags.dylib
0x00007ff8124a5000 	/usr/lib/system/libsystem_info.dylib
0x00007ff81d5d1000 	/usr/lib/system/libsystem_m.dylib
0x00007ff8122a1000 	/usr/lib/system/libsystem_malloc.dylib
0x00007ff8172aa000 	/usr/lib/system/libsystem_networkextension.dylib
0x00007ff814e03000 	/usr/lib/system/libsystem_notify.dylib
0x00007ff823891000 	/usr/lib/system/libsystem_product_info_filter.dylib
0x00007ff81bf04000 	/usr/lib/system/libsystem_sandbox.dylib
0x00007ff81d691000 	/usr/lib/system/libsystem_secinit.dylib
0x00007ff81244c000 	/usr/lib/system/libsystem_kernel.dylib
0x00007ff81249b000 	/usr/lib/system/libsystem_platform.dylib
0x00007ff812483000 	/usr/lib/system/libsystem_pthread.dylib
0x00007ff818bd1000 	/usr/lib/system/libsystem_symptoms.dylib
0x00007ff8121f5000 	/usr/lib/system/libsystem_trace.dylib
0x00007ff81d667000 	/usr/lib/system/libunwind.dylib
0x00007ff8121be000 	/usr/lib/system/libxpc.dylib
0x00007ff812436000 	/usr/lib/libc++abi.dylib
0x00007ff81d672000 	/usr/lib/liboah.dylib
0x00007ff81de03000 	/usr/lib/liblzma.5.dylib
0x00007ff812f8d000 	/System/Library/Frameworks/SystemConfiguration.framework/Versions/A/SystemConfiguration
0x00007ff81d6a6000 	/usr/lib/libfakelink.dylib
0x00007ff816e14000 	/System/Library/Frameworks/CFNetwork.framework/Versions/A/CFNetwork
0x00007ff81d7e5000 	/usr/lib/libarchive.2.dylib
0x00007ff81bf0b000 	/System/Library/PrivateFrameworks/AppleSystemInfo.framework/Versions/A/AppleSystemInfo
0x00007ff81ccf0000 	/usr/lib/libbsm.0.dylib
0x00007ff81644b000 	/usr/lib/libnetwork.dylib
0x00007ff81d63f000 	/usr/lib/system/libkxld.dylib
0x00007ff81c91f000 	/System/Library/PrivateFrameworks/IOMobileFramebuffer.framework/Versions/A/IOMobileFramebuffer
0x00007ffb28121000 	/usr/lib/libCoreEntitlements.dylib
0x00007ff81d354000 	/System/Library/PrivateFrameworks/AppleFSCompression.framework/Versions/A/AppleFSCompression
0x00007ff81ccd9000 	/usr/lib/libcoretls.dylib
0x00007ff81de1d000 	/usr/lib/libcoretls_cfhelpers.dylib
0x00007ff81d925000 	/usr/lib/libpam.2.dylib
0x00007ff8187f7000 	/usr/lib/libsqlite3.dylib
0x00007ff81de8c000 	/usr/lib/libxar.1.dylib
0x00007ff81d364000 	/usr/lib/libbz2.1.0.dylib
0x00007ff81d6ab000 	/usr/lib/libpcap.A.dylib
0x00007ff818bc8000 	/usr/lib/libdns_services.dylib
0x00007ff81d8f7000 	/usr/lib/libapple_nghttp2.dylib
0x00007ff81d6e2000 	/usr/lib/libiconv.2.dylib
0x00007ff81d638000 	/usr/lib/libcharset.1.dylib
0x00007ff819fa4000 	/System/Library/Frameworks/CoreServices.framework/Versions/A/Frameworks/FSEvents.framework/Versions/A/FSEvents
0x00007ff8149e5000 	/System/Library/Frameworks/CoreServices.framework/Versions/A/Frameworks/CarbonCore.framework/Versions/A/CarbonCore
0x00007ff818e0c000 	/System/Library/Frameworks/CoreServices.framework/Versions/A/Frameworks/Metadata.framework/Versions/A/Metadata
0x00007ff81d377000 	/System/Library/Frameworks/CoreServices.framework/Versions/A/Frameworks/OSServices.framework/Versions/A/OSServices
0x00007ff81d86b000 	/System/Library/Frameworks/CoreServices.framework/Versions/A/Frameworks/SearchKit.framework/Versions/A/SearchKit
0x00007ff818b5a000 	/System/Library/Frameworks/CoreServices.framework/Versions/A/Frameworks/AE.framework/Versions/A/AE
0x00007ff8129d1000 	/System/Library/Frameworks/CoreServices.framework/Versions/A/Frameworks/LaunchServices.framework/Versions/A/LaunchServices
0x00007ff81ddb4000 	/System/Library/Frameworks/CoreServices.framework/Versions/A/Frameworks/DictionaryServices.framework/Versions/A/DictionaryServices
0x00007ff819fb1000 	/System/Library/Frameworks/CoreServices.framework/Versions/A/Frameworks/SharedFileList.framework/Versions/A/SharedFileList
0x00007ff81cccd000 	/usr/lib/libCheckFix.dylib
0x00007ff817324000 	/System/Library/PrivateFrameworks/TCC.framework/Versions/A/TCC
0x00007ff81bf11000 	/System/Library/PrivateFrameworks/CoreNLP.framework/Versions/A/CoreNLP
0x00007ff818dbc000 	/System/Library/PrivateFrameworks/MetadataUtilities.framework/Versions/A/MetadataUtilities
0x00007ff81303d000 	/usr/lib/libmecabra.dylib
0x00007ff81cd00000 	/usr/lib/libmecab.dylib
0x00007ff813008000 	/usr/lib/libCRFSuite.dylib
0x00007ff81cd5d000 	/usr/lib/libgermantok.dylib
0x00007ff81d8d2000 	/usr/lib/libThaiTokenizer.dylib
0x00007ff818eae000 	/System/Library/Frameworks/Accelerate.framework/Versions/A/Frameworks/vImage.framework/Versions/A/vImage
0x00007ff823991000 	/System/Library/Frameworks/Accelerate.framework/Versions/A/Frameworks/vecLib.framework/Versions/A/vecLib
0x00007ff81decd000 	/System/Library/Frameworks/Accelerate.framework/Versions/A/Frameworks/vecLib.framework/Versions/A/libvMisc.dylib
0x00007ff81c713000 	/System/Library/Frameworks/Accelerate.framework/Versions/A/Frameworks/vecLib.framework/Versions/A/libvDSP.dylib
0x00007ff812d49000 	/System/Library/Frameworks/Accelerate.framework/Versions/A/Frameworks/vecLib.framework/Versions/A/libBLAS.dylib
0x00007ff81da07000 	/System/Library/Frameworks/Accelerate.framework/Versions/A/Frameworks/vecLib.framework/Versions/A/libLAPACK.dylib
0x00007ff81cd60000 	/System/Library/Frameworks/Accelerate.framework/Versions/A/Frameworks/vecLib.framework/Versions/A/libLinearAlgebra.dylib
0x00007ff81d910000 	/System/Library/Frameworks/Accelerate.framework/Versions/A/Frameworks/vecLib.framework/Versions/A/libSparseBLAS.dylib
0x00007ff81da01000 	/System/Library/Frameworks/Accelerate.framework/Versions/A/Frameworks/vecLib.framework/Versions/A/libQuadrature.dylib
0x00007ff81bffb000 	/System/Library/Frameworks/Accelerate.framework/Versions/A/Frameworks/vecLib.framework/Versions/A/libBNNS.dylib
0x00007ff812f1e000 	/System/Library/Frameworks/Accelerate.framework/Versions/A/Frameworks/vecLib.framework/Versions/A/libSparse.dylib
0x00007ff81bff4000 	/System/Library/PrivateFrameworks/LinguisticData.framework/Versions/A/LinguisticData
0x00007ff812ed3000 	/System/Library/PrivateFrameworks/Lexicon.framework/Versions/A/Lexicon
0x00007ff81dec6000 	/usr/lib/libChineseTokenizer.dylib
0x00007ff813637000 	/System/Library/PrivateFrameworks/LanguageModeling.framework/Versions/A/LanguageModeling
0x00007ff81d8d4000 	/System/Library/PrivateFrameworks/AppleSauce.framework/Versions/A/AppleSauce
0x00007ff81c90d000 	/System/Library/PrivateFrameworks/CoreEmoji.framework/Versions/A/CoreEmoji
0x00007ff81d7d4000 	/usr/lib/libcmph.dylib
0x00007ff819f88000 	/System/Library/Frameworks/OpenDirectory.framework/Versions/A/Frameworks/CFOpenDirectory.framework/Versions/A/CFOpenDirectory
0x00007ff819f7c000 	/System/Library/Frameworks/OpenDirectory.framework/Versions/A/OpenDirectory
0x00007ff81de1f000 	/System/Library/PrivateFrameworks/APFS.framework/Versions/A/APFS
0x00007ff81cc2e000 	/System/Library/Frameworks/SecurityFoundation.framework/Versions/A/SecurityFoundation
0x00007ff81de9a000 	/usr/lib/libutil.dylib
0x00007ff814d10000 	/System/Library/PrivateFrameworks/CoreServicesStore.framework/Versions/A/CoreServicesStore
0x00007ff81de9e000 	/usr/lib/libxslt.1.dylib
0x00007ff81ccbb000 	/System/Library/PrivateFrameworks/BackgroundTaskManagement.framework/Versions/A/BackgroundTaskManagement
0x00007ff81f3c7000 	/System/Library/Frameworks/ImageIO.framework/Versions/A/Resources/libRadiance.dylib
0x00007ff81f3d0000 	/System/Library/Frameworks/ImageIO.framework/Versions/A/Resources/libJPEG.dylib
0x00007ff81f321000 	/System/Library/Frameworks/ImageIO.framework/Versions/A/Resources/libPng.dylib
0x00007ff81f342000 	/System/Library/Frameworks/ImageIO.framework/Versions/A/Resources/libTIFF.dylib
0x00007ff81f42e000 	/System/Library/Frameworks/ImageIO.framework/Versions/A/Resources/libGIF.dylib
0x00007ff81ec56000 	/System/Library/Frameworks/ImageIO.framework/Versions/A/Resources/libJP2.dylib
0x00007ff81e398000 	/usr/lib/libexpat.1.dylib
0x00007ff81ec0b000 	/System/Library/PrivateFrameworks/AppleJPEG.framework/Versions/A/AppleJPEG
0x00007ff81b452000 	/System/Library/PrivateFrameworks/FontServices.framework/libFontParser.dylib
0x00007ff818b04000 	/System/Library/PrivateFrameworks/RunningBoardServices.framework/Versions/A/RunningBoardServices
0x00007ff829b31000 	/System/Library/PrivateFrameworks/IOSurfaceAccelerator.framework/Versions/A/IOSurfaceAccelerator
0x00007ff81ed35000 	/System/Library/PrivateFrameworks/WatchdogClient.framework/Versions/A/WatchdogClient
0x00007ff813726000 	/System/Library/Frameworks/CoreDisplay.framework/Versions/A/CoreDisplay
0x00007ff81b352000 	/System/Library/Frameworks/CoreMedia.framework/Versions/A/CoreMedia
0x00007ff81b1ef000 	/System/Library/PrivateFrameworks/IOAccelerator.framework/Versions/A/IOAccelerator
0x00007ff81a104000 	/System/Library/Frameworks/CoreVideo.framework/Versions/A/CoreVideo
0x00007ff81d923000 	/System/Library/Frameworks/MetalPerformanceShaders.framework/Versions/A/MetalPerformanceShaders
0x00007ff81ed70000 	/System/Library/Frameworks/VideoToolbox.framework/Versions/A/VideoToolbox
0x00007ff818a4c000 	/System/Library/PrivateFrameworks/BaseBoard.framework/Versions/A/BaseBoard
0x00007ff8187dd000 	/System/Library/PrivateFrameworks/ProtocolBuffer.framework/Versions/A/ProtocolBuffer
0x00007ff81f3c0000 	/System/Library/PrivateFrameworks/GPUWrangler.framework/Versions/A/GPUWrangler
0x00007ff81f3a3000 	/System/Library/PrivateFrameworks/IOPresentment.framework/Versions/A/IOPresentment
0x00007ff81f3ca000 	/System/Library/PrivateFrameworks/DSExternalDisplay.framework/Versions/A/DSExternalDisplay
0x00007ffa2a773000 	/System/Library/Frameworks/OpenGL.framework/Versions/A/Libraries/libCoreFSCache.dylib
0x00007ffb16720000 	/System/Library/PrivateFrameworks/GPUCompiler.framework/Versions/31001/Libraries/libGPUCompilerUtils.dylib
0x00007ff81f433000 	/System/Library/PrivateFrameworks/CMCaptureCore.framework/Versions/A/CMCaptureCore
0x00007ff81e944000 	/System/Library/PrivateFrameworks/AppServerSupport.framework/Versions/A/AppServerSupport
0x00007ff820b0e000 	/System/Library/PrivateFrameworks/perfdata.framework/Versions/A/perfdata
0x00007ff813852000 	/System/Library/PrivateFrameworks/AudioToolboxCore.framework/Versions/A/AudioToolboxCore
0x00007ff81b32f000 	/System/Library/PrivateFrameworks/caulk.framework/Versions/A/caulk
0x00007ff82043b000 	/usr/lib/libAudioStatistics.dylib
0x00007ff9175cf000 	/System/Library/PrivateFrameworks/SystemPolicy.framework/Versions/A/SystemPolicy
0x00007ff820687000 	/usr/lib/libSMC.dylib
0x00007ff829473000 	/System/Library/Frameworks/CoreMIDI.framework/Versions/A/CoreMIDI
0x00007ff81f2f1000 	/usr/lib/libAudioToolboxUtility.dylib
0x00007ff913a57000 	/System/Library/PrivateFrameworks/OSAServicesClient.framework/Versions/A/OSAServicesClient
0x00007ff820b1b000 	/usr/lib/libperfcheck.dylib
0x00007ff91805b000 	/usr/lib/libmis.dylib
0x00007ffa2a7cf000 	/System/Library/Frameworks/OpenGL.framework/Versions/A/Libraries/libGLU.dylib
0x00007ffa2a792000 	/System/Library/Frameworks/OpenGL.framework/Versions/A/Libraries/libGFXShared.dylib
0x00007ffa2a9a0000 	/System/Library/Frameworks/OpenGL.framework/Versions/A/Libraries/libGL.dylib
0x00007ffa2a79b000 	/System/Library/Frameworks/OpenGL.framework/Versions/A/Libraries/libGLImage.dylib
0x00007ffa2a78f000 	/System/Library/Frameworks/OpenGL.framework/Versions/A/Libraries/libCVMSPluginSupport.dylib
0x00007ffa2a77a000 	/System/Library/Frameworks/OpenGL.framework/Versions/A/Libraries/libCoreVMClient.dylib
0x00007ff81be8f000 	/System/Library/Frameworks/MetalPerformanceShaders.framework/Versions/A/Frameworks/MPSCore.framework/Versions/A/MPSCore
0x00007ff81d2bf000 	/System/Library/Frameworks/MetalPerformanceShaders.framework/Versions/A/Frameworks/MPSImage.framework/Versions/A/MPSImage
0x00007ff81cd76000 	/System/Library/Frameworks/MetalPerformanceShaders.framework/Versions/A/Frameworks/MPSNeuralNetwork.framework/Versions/A/MPSNeuralNetwork
0x00007ff81d1eb000 	/System/Library/Frameworks/MetalPerformanceShaders.framework/Versions/A/Frameworks/MPSMatrix.framework/Versions/A/MPSMatrix
0x00007ff81cfa7000 	/System/Library/Frameworks/MetalPerformanceShaders.framework/Versions/A/Frameworks/MPSRayIntersector.framework/Versions/A/MPSRayIntersector
0x00007ff81d224000 	/System/Library/Frameworks/MetalPerformanceShaders.framework/Versions/A/Frameworks/MPSNDArray.framework/Versions/A/MPSNDArray
0x00007ffa2f378000 	/System/Library/Frameworks/MetalPerformanceShaders.framework/Versions/A/Frameworks/MPSFunctions.framework/Versions/A/MPSFunctions
0x00007ff812c2c000 	/System/Library/PrivateFrameworks/MetalTools.framework/Versions/A/MetalTools
0x00007ff81bf09000 	/System/Library/PrivateFrameworks/AggregateDictionary.framework/Versions/A/AggregateDictionary
0x00007ff81e17a000 	/usr/lib/libIOReport.dylib
0x00007ffa2bdaf000 	/System/Library/Frameworks/OpenCL.framework/Versions/A/OpenCL
0x00007ff81e4de000 	/System/Library/PrivateFrameworks/FaceCore.framework/Versions/A/FaceCore
0x00007ff81e4cf000 	/System/Library/PrivateFrameworks/GraphVisualizer.framework/Versions/A/GraphVisualizer
0x00007ffb1662b000 	/System/Library/PrivateFrameworks/FontServices.framework/Versions/A/FontServices
0x00007ff81e8fb000 	/System/Library/PrivateFrameworks/OTSVG.framework/Versions/A/OTSVG
0x00007ff819cec000 	/System/Library/Frameworks/ApplicationServices.framework/Versions/A/Frameworks/ATS.framework/Versions/A/Resources/libFontRegistry.dylib
0x00007ff81e94c000 	/System/Library/PrivateFrameworks/FontServices.framework/libhvf.dylib
0x00007ffb1662c000 	/System/Library/PrivateFrameworks/FontServices.framework/libXTFontStaticRegistryData.dylib
0x00007ff81e348000 	/System/Library/PrivateFrameworks/AppleVA.framework/Versions/A/AppleVA
0x00007ff82045b000 	/System/Library/Frameworks/ApplicationServices.framework/Versions/A/Frameworks/ATS.framework/Versions/A/ATS
0x00007ff817efa000 	/System/Library/Frameworks/ApplicationServices.framework/Versions/A/Frameworks/HIServices.framework/Versions/A/HIServices
0x00007ff81f43d000 	/System/Library/Frameworks/ApplicationServices.framework/Versions/A/Frameworks/PrintCore.framework/Versions/A/PrintCore
0x00007ff8207da000 	/System/Library/Frameworks/ApplicationServices.framework/Versions/A/Frameworks/QD.framework/Versions/A/QD
0x00007ff8207d2000 	/System/Library/Frameworks/ApplicationServices.framework/Versions/A/Frameworks/ColorSyncLegacy.framework/Versions/A/ColorSyncLegacy
0x00007ff82044b000 	/System/Library/Frameworks/ApplicationServices.framework/Versions/A/Frameworks/SpeechSynthesis.framework/Versions/A/SpeechSynthesis
0x00007ff81f3fe000 	/System/Library/Frameworks/ApplicationServices.framework/Versions/A/Frameworks/ATSUI.framework/Versions/A/ATSUI
0x00007ff820767000 	/usr/lib/libcups.2.dylib
0x00007ff820b2a000 	/System/Library/Frameworks/Kerberos.framework/Versions/A/Kerberos
0x00007ff820b39000 	/System/Library/Frameworks/GSS.framework/Versions/A/GSS
0x00007ff8204c7000 	/usr/lib/libresolv.9.dylib
0x00007ff81e95b000 	/System/Library/PrivateFrameworks/Heimdal.framework/Versions/A/Heimdal
0x00007ff8275dd000 	/System/Library/Frameworks/Kerberos.framework/Versions/A/Libraries/libHeimdalProxy.dylib
0x00007ff818bd9000 	/System/Library/Frameworks/Network.framework/Versions/A/Network
0x00007ff81e3b2000 	/usr/lib/libheimdal-asn1.dylib
0x00007ff820b84000 	/System/Library/PrivateFrameworks/CommonAuth.framework/Versions/A/CommonAuth
0x00007ff8203cc000 	/System/Library/PrivateFrameworks/AudioSession.framework/Versions/A/AudioSession
0x00007ff81e442000 	/System/Library/PrivateFrameworks/MediaExperience.framework/Versions/A/MediaExperience
0x00007ff820260000 	/System/Library/PrivateFrameworks/AudioSession.framework/libSessionUtility.dylib
0x00007ff8207e6000 	/System/Library/PrivateFrameworks/AudioResourceArbitration.framework/Versions/A/AudioResourceArbitration
0x00007ff81e3bb000 	/System/Library/PrivateFrameworks/IconFoundation.framework/Versions/A/IconFoundation
0x00007ff8235c0000 	/System/Library/PrivateFrameworks/SpeechRecognitionCore.framework/Versions/A/SpeechRecognitionCore
0x000000010c3de000 	/Library/Java/JavaVirtualMachines/jdk1.8.0_241.jdk/Contents/Home/jre/lib/server/libjvm.dylib
0x00007ffb28bb7000 	/usr/lib/libstdc++.6.dylib
0x000000010b46d000 	/Library/Java/JavaVirtualMachines/jdk1.8.0_241.jdk/Contents/Home/jre/lib/libverify.dylib
0x000000010b4c2000 	/Library/Java/JavaVirtualMachines/jdk1.8.0_241.jdk/Contents/Home/jre/lib/libjava.dylib
0x000000010b538000 	/Library/Java/JavaVirtualMachines/jdk1.8.0_241.jdk/Contents/Home/jre/lib/libinstrument.dylib
0x000000010b49d000 	/Library/Java/JavaVirtualMachines/jdk1.8.0_241.jdk/Contents/Home/jre/lib/libzip.dylib
0x00000001286b5000 	/Library/Java/JavaVirtualMachines/jdk1.8.0_241.jdk/Contents/Home/jre/lib/libnet.dylib
0x0000000128986000 	/Library/Java/JavaVirtualMachines/jdk1.8.0_241.jdk/Contents/Home/jre/lib/libprism_es2.dylib
0x00007ff814cd1000 	/System/Library/PrivateFrameworks/CoreServicesInternal.framework/Versions/A/CoreServicesInternal
0x00007ffa2a9ab000 	/System/Library/Frameworks/OpenGL.framework/Versions/A/Resources/GLEngine.bundle/GLEngine
0x00007ffa2a80d000 	/System/Library/Frameworks/OpenGL.framework/Versions/A/Libraries/libGLProgrammability.dylib
0x0000000128b96000 	/System/Library/Extensions/AppleMetalOpenGLRenderer.bundle/Contents/MacOS/AppleMetalOpenGLRenderer
0x00007ffa2ab3a000 	/System/Library/Frameworks/OpenGL.framework/Versions/A/Resources/GLRendererFloat.bundle/GLRendererFloat
0x00007ffa20732000 	/System/Library/Extensions/AGXMetalG13X.bundle/Contents/MacOS/AGXMetalG13X
0x00007ff918076000 	/System/Library/PrivateFrameworks/GPURawCounter.framework/Versions/A/GPURawCounter
0x00007ff912bf3000 	/System/Library/PrivateFrameworks/IOGPU.framework/Versions/A/IOGPU
0x0000000128d19000 	/Library/Java/JavaVirtualMachines/jdk1.8.0_241.jdk/Contents/Home/jre/lib/libglass.dylib
0x00007ff824d91000 	/System/Library/Frameworks/FileProvider.framework/Versions/A/FileProvider
0x00007ff8189b8000 	/System/Library/Frameworks/Accounts.framework/Versions/A/Accounts
0x00007ff824f09000 	/System/Library/PrivateFrameworks/GenerationalStorage.framework/Versions/A/GenerationalStorage
0x00007ff825a16000 	/System/Library/PrivateFrameworks/CoreSymbolication.framework/Versions/A/CoreSymbolication
0x00007ff824795000 	/System/Library/PrivateFrameworks/SymptomDiagnosticReporter.framework/Versions/A/SymptomDiagnosticReporter
0x00007ff815f90000 	/System/Library/PrivateFrameworks/DesktopServicesPriv.framework/Versions/A/DesktopServicesPriv
0x00007ff814e12000 	/usr/lib/libsandbox.1.dylib
0x00007ff81a182000 	/System/Library/PrivateFrameworks/UserManagement.framework/Versions/A/UserManagement
0x00007ff8259db000 	/System/Library/PrivateFrameworks/DebugSymbols.framework/Versions/A/DebugSymbols
0x00007ff8207c7000 	/System/Library/PrivateFrameworks/NetAuth.framework/Versions/A/NetAuth
0x00007ff8216b3000 	/System/Library/PrivateFrameworks/Sharing.framework/Versions/A/Sharing
0x00007ff81a155000 	/System/Library/PrivateFrameworks/login.framework/Versions/A/Frameworks/loginsupport.framework/Versions/A/loginsupport
0x00007ff826b13000 	/System/Library/PrivateFrameworks/Apple80211.framework/Versions/A/Apple80211
0x00007ff81d3a4000 	/System/Library/PrivateFrameworks/AuthKit.framework/Versions/A/AuthKit
0x00007ff81ca03000 	/System/Library/PrivateFrameworks/CoreUtils.framework/Versions/A/CoreUtils
0x00007ff81c92a000 	/System/Library/Frameworks/CoreWLAN.framework/Versions/A/CoreWLAN
0x00007ff82180e000 	/System/Library/Frameworks/IOBluetooth.framework/Versions/A/IOBluetooth
0x00007ff826b7b000 	/System/Library/PrivateFrameworks/CoreWiFi.framework/Versions/A/CoreWiFi
0x00007ff8255b0000 	/System/Library/PrivateFrameworks/FrontBoardServices.framework/Versions/A/FrontBoardServices
0x00007ff825642000 	/System/Library/PrivateFrameworks/BoardServices.framework/Versions/A/BoardServices
0x00007ff81cc1d000 	/System/Library/PrivateFrameworks/AssertionServices.framework/Versions/A/AssertionServices
0x00007ff826cff000 	/System/Library/PrivateFrameworks/BackBoardServices.framework/Versions/A/BackBoardServices
0x00007ff820c13000 	/System/Library/PrivateFrameworks/CorePhoneNumbers.framework/Versions/A/CorePhoneNumbers
0x00007ff8248b2000 	/System/Library/PrivateFrameworks/DiskManagement.framework/Versions/A/DiskManagement
0x00007ff8247c6000 	/System/Library/PrivateFrameworks/AppleIDAuthSupport.framework/Versions/A/AppleIDAuthSupport
0x00007ffa312de000 	/System/Library/PrivateFrameworks/AAAFoundation.framework/Versions/A/AAAFoundation
0x00007ff820bf4000 	/System/Library/PrivateFrameworks/KeychainCircle.framework/Versions/A/KeychainCircle
0x00007ff82487e000 	/System/Library/PrivateFrameworks/MediaKit.framework/Versions/A/MediaKit
0x00007ff8247d2000 	/System/Library/Frameworks/DiscRecording.framework/Versions/A/DiscRecording
0x00007ff81e2c0000 	/usr/lib/libCoreStorage.dylib
0x00007ff826fec000 	/usr/lib/libcsfde.dylib
0x00007ff8218db000 	/System/Library/PrivateFrameworks/ProtectedCloudStorage.framework/Versions/A/ProtectedCloudStorage
0x00007ff826fe8000 	/System/Library/PrivateFrameworks/EFILogin.framework/Versions/A/EFILogin
0x00007ff824f2f000 	/System/Library/PrivateFrameworks/OctagonTrust.framework/Versions/A/OctagonTrust
0x00007ffb15965000 	/System/Library/PrivateFrameworks/CoreUtilsExtras.framework/Versions/A/CoreUtilsExtras
0x00007ff824705000 	/System/Library/Frameworks/CoreBluetooth.framework/Versions/A/CoreBluetooth
0x00007ff827662000 	/System/Library/Frameworks/AudioUnit.framework/Versions/A/AudioUnit
0x00007ff81e2b8000 	/usr/lib/libMatch.1.dylib
0x00007ff91c42e000 	/System/Library/Frameworks/Accelerate.framework/Versions/A/Frameworks/vImage.framework/Versions/A/Libraries/libCGInterfaces.dylib
0x000000012ae59000 	/usr/lib/libobjc-trampolines.dylib
0x00007ff829b39000 	/System/Library/PrivateFrameworks/FamilyControls.framework/Versions/A/FamilyControls
0x00007ff829b5d000 	/System/Library/PrivateFrameworks/CommerceKit.framework/Versions/A/Frameworks/CommerceCore.framework/Versions/A/CommerceCore
0x00007ff823c87000 	/System/Library/PrivateFrameworks/SystemAdministration.framework/Versions/A/SystemAdministration
0x00007ff8218c2000 	/System/Library/PrivateFrameworks/AppContainer.framework/Versions/A/AppContainer
0x00007ff8218d7000 	/System/Library/PrivateFrameworks/SecCodeWrapper.framework/Versions/A/SecCodeWrapper
0x00007ff81e182000 	/System/Library/PrivateFrameworks/CrashReporterSupport.framework/Versions/A/CrashReporterSupport
0x00007ff923cf2000 	/System/Library/PrivateFrameworks/OSAnalytics.framework/Versions/A/OSAnalytics
0x00007ff92eda8000 	/System/Library/PrivateFrameworks/Symbolication.framework/Versions/A/Symbolication
0x00007ff918038000 	/System/Library/PrivateFrameworks/MallocStackLogging.framework/Versions/A/MallocStackLogging
0x00007ff81ea15000 	/System/Library/PrivateFrameworks/login.framework/Versions/A/login
0x00007ff81f665000 	/System/Library/Frameworks/MediaToolbox.framework/Versions/A/MediaToolbox
0x00007ff82358c000 	/System/Library/Frameworks/DirectoryService.framework/Versions/A/DirectoryService
0x00007ff826e8b000 	/System/Library/PrivateFrameworks/DiskImages.framework/Versions/A/DiskImages
0x00007ff81ccc5000 	/System/Library/Frameworks/ServiceManagement.framework/Versions/A/ServiceManagement
0x00007ff827064000 	/System/Library/PrivateFrameworks/LoginUIKit.framework/Versions/A/Frameworks/LoginUICore.framework/Versions/A/LoginUICore
0x00007ff81ebc3000 	/usr/lib/libodfde.dylib
0x00007ff824d61000 	/System/Library/PrivateFrameworks/CoreAVCHD.framework/Versions/A/CoreAVCHD
0x00007ff823c4b000 	/System/Library/Frameworks/MediaAccessibility.framework/Versions/A/MediaAccessibility
0x00007ff824d5d000 	/System/Library/PrivateFrameworks/Mangrove.framework/Versions/A/Mangrove
0x00007ff823c56000 	/System/Library/PrivateFrameworks/AlgosScoreFramework.framework/Versions/A/AlgosScoreFramework
0x00007ffb12dcd000 	/System/Library/PrivateFrameworks/CMPhoto.framework/Versions/A/CMPhoto
0x00007ff8258b1000 	/System/Library/PrivateFrameworks/AppleVPA.framework/Versions/A/AppleVPA
0x00007ff8249a2000 	/System/Library/PrivateFrameworks/CoreAUC.framework/Versions/A/CoreAUC
0x00007ff826ff8000 	/usr/lib/libcurl.4.dylib
0x00007ff826d57000 	/usr/lib/libcrypto.44.dylib
0x00007ff826e5e000 	/usr/lib/libssl.46.dylib
0x00007ff826d1d000 	/System/Library/Frameworks/LDAP.framework/Versions/A/LDAP
0x00007ff826d55000 	/System/Library/PrivateFrameworks/TrustEvaluationAgent.framework/Versions/A/TrustEvaluationAgent
0x00007ff8204e0000 	/usr/lib/libsasl2.2.dylib
0x00007ff823c7b000 	/System/Library/PrivateFrameworks/CoreDaemon.framework/Versions/B/CoreDaemon
0x00007ff823c76000 	/System/Library/PrivateFrameworks/AppleSRP.framework/Versions/A/AppleSRP
0x00007ff819e7c000 	/System/Library/PrivateFrameworks/ViewBridge.framework/Versions/A/ViewBridge
0x00007ffa31994000 	/System/Library/PrivateFrameworks/AccessibilityBundles.framework/Versions/A/AccessibilityBundles
0x0000000128928000 	/Library/Java/JavaVirtualMachines/jdk1.8.0_241.jdk/Contents/Home/jre/lib/libnio.dylib
0x000000012cac5000 	/Library/Java/JavaVirtualMachines/jdk1.8.0_241.jdk/Contents/Home/jre/lib/libjavafx_font.dylib
0x0000000132481000 	/Library/Java/JavaVirtualMachines/jdk1.8.0_241.jdk/Contents/Home/jre/lib/libprism_common.dylib
0x00007ffb2822f000 	/usr/lib/libRosetta.dylib

VM Arguments:
jvm_args: -javaagent:/Applications/IntelliJ IDEA.app/Contents/lib/idea_rt.jar=61460:/Applications/IntelliJ IDEA.app/Contents/bin -Dfile.encoding=UTF-8 
java_command: Main
java_class_path (initial): /Library/Java/JavaVirtualMachines/jdk1.8.0_241.jdk/Contents/Home/jre/lib/charsets.jar:/Library/Java/JavaVirtualMachines/jdk1.8.0_241.jdk/Contents/Home/jre/lib/deploy.jar:/Library/Java/JavaVirtualMachines/jdk1.8.0_241.jdk/Contents/Home/jre/lib/ext/cldrdata.jar:/Library/Java/JavaVirtualMachines/jdk1.8.0_241.jdk/Contents/Home/jre/lib/ext/dnsns.jar:/Library/Java/JavaVirtualMachines/jdk1.8.0_241.jdk/Contents/Home/jre/lib/ext/jaccess.jar:/Library/Java/JavaVirtualMachines/jdk1.8.0_241.jdk/Contents/Home/jre/lib/ext/jfxrt.jar:/Library/Java/JavaVirtualMachines/jdk1.8.0_241.jdk/Contents/Home/jre/lib/ext/localedata.jar:/Library/Java/JavaVirtualMachines/jdk1.8.0_241.jdk/Contents/Home/jre/lib/ext/nashorn.jar:/Library/Java/JavaVirtualMachines/jdk1.8.0_241.jdk/Contents/Home/jre/lib/ext/sunec.jar:/Library/Java/JavaVirtualMachines/jdk1.8.0_241.jdk/Contents/Home/jre/lib/ext/sunjce_provider.jar:/Library/Java/JavaVirtualMachines/jdk1.8.0_241.jdk/Contents/Home/jre/lib/ext/sunpkcs11.jar:/Library/Java/JavaVirtualMachines/jdk1.8.0_241.jdk/Contents/Home/jre/lib/ext/zipfs.jar:/Library/Java/JavaVirtualMachines/jdk1.8.0_241.jdk/Contents/Home/jre/lib/javaws.jar:/Library/Java/JavaVirtualMachines/jdk1.8.0_241.jdk/Contents/Home/jre/lib/jce.jar:/Library/Java/JavaVirtualMachines/jdk1.8.0_241.jdk/Contents/Home/jre/lib/jfr.jar:/Library/Java/JavaVirtualMachines/jdk1.8.0_241.jdk/Contents/Home/jre/lib/jfxswt.jar:/Library/Java/JavaVirtualMachines/jdk1.8.0_241.jdk/Contents/Home/jre/lib/jsse.jar:/Library/Java/JavaVirtualMachines/jdk1.8.0_241.jdk/Contents/Home/jre/lib/management-agent.jar:/Library/Java/JavaVirtualMachines/jdk1.8.0_241.jdk/Contents/Home/jre/lib/plugin.jar:/Library/Java/JavaVirtualMachines/jdk1.8.0_241.jdk/Contents/Home/jre/lib/resources.jar:/Library/Java/JavaVirtualMachines/jdk1.8.0_241.jdk/Contents/Home/jre/lib/rt.jar:/Library/Java/JavaVirtualMachines/jdk1.8.0_241.jdk/Contents/Home/lib/ant-javafx.jar:/Library/Java/JavaVirtualMachines/jdk1.8.0_241.jdk/Contents/Home
Launcher Type: SUN_STANDARD

Environment Variables:
PATH=/opt/homebrew/bin:/opt/homebrew/sbin:/usr/local/opt/binutils/bin:/Users/lukehartman/perl5/perlbrew/bin:/Users/lukehartman/perl5/perlbrew/perls/perl-5.28.0/bin:/usr/local/bin:/usr/bin:/bin:/usr/sbin:/sbin:/Applications/VMware Fusion Tech Preview.app/Contents/Public:/opt/X11/bin:/Library/Apple/usr/bin:/Applications/Wireshark.app/Contents/MacOS
SHELL=/bin/bash
DISPLAY=/private/tmp/com.apple.launchd.bRrL6bW6xb/org.macosforge.xquartz:0

Signal Handlers:
SIGSEGV: [libjvm.dylib+0x5bd1a7], sa_mask[0]=11111111111111111111111111111111, sa_flags=SA_ONSTACK|SA_RESTART|SA_SIGINFO
SIGBUS: [libjvm.dylib+0x5bd1a7], sa_mask[0]=11111111111111111111111111111111, sa_flags=SA_RESTART|SA_SIGINFO
SIGFPE: [libjvm.dylib+0x48e178], sa_mask[0]=11111111111111111111111111111111, sa_flags=SA_RESTART|SA_SIGINFO
SIGPIPE: [libjvm.dylib+0x48e178], sa_mask[0]=11111111111111111111111111111111, sa_flags=SA_RESTART|SA_SIGINFO
SIGXFSZ: [libjvm.dylib+0x48e178], sa_mask[0]=11111111111111111111111111111111, sa_flags=SA_RESTART|SA_SIGINFO
SIGILL: [libjvm.dylib+0x48e178], sa_mask[0]=11111111111111111111111111111111, sa_flags=SA_RESTART|SA_SIGINFO
SIGUSR1: SIG_DFL, sa_mask[0]=00000000000000000000000000000000, sa_flags=none
SIGUSR2: [libjvm.dylib+0x48dc96], sa_mask[0]=00100000000000000000000000000000, sa_flags=SA_RESTART|SA_SIGINFO
SIGHUP: [libjvm.dylib+0x48c221], sa_mask[0]=11111111111111111111111111111111, sa_flags=SA_RESTART|SA_SIGINFO
SIGINT: [libjvm.dylib+0x48c221], sa_mask[0]=11111111111111111111111111111111, sa_flags=SA_RESTART|SA_SIGINFO
SIGTERM: [libjvm.dylib+0x48c221], sa_mask[0]=11111111111111111111111111111111, sa_flags=SA_RESTART|SA_SIGINFO
SIGQUIT: [libjvm.dylib+0x48c221], sa_mask[0]=11111111111111111111111111111111, sa_flags=SA_RESTART|SA_SIGINFO


---------------  S Y S T E M  ---------------

OS:Bsduname:Darwin 21.1.0 Darwin Kernel Version 21.1.0: Wed Oct 13 17:33:01 PDT 2021; root:xnu-8019.41.5~1/RELEASE_ARM64_T6000 x86_64
rlimit: STACK 8176k, CORE 0k, NPROC 2666, NOFILE 10240, AS infinity
load average:5.28 5.81 5.36

CPU:total 8 (initial active 8) (1 cores per cpu, 1 threads per core) family 6 model 44 stepping 0, cmov, cx8, fxsr, mmx, sse, sse2, sse3, ssse3, sse4.1, sse4.2, popcnt, aes, clmul, tsc, tscinvbit, tscinv

Memory: 4k page, physical 16777216k(45492k free)

/proc/meminfo:


vm_info: Java HotSpot(TM) 64-Bit Server VM (25.241-b07) for bsd-amd64 JRE (1.8.0_241-b07), built on Dec 11 2019 02:29:59 by "java_re" with gcc 4.2.1 (Based on Apple Inc. build 5658) (LLVM build 2336.11.00)

time: Sun Nov 14 19:21:38 2021
timezone: MST
elapsed time: 6 seconds (0d 0h 0m 6s)

